# JRE version: OpenJDK Runtime Environment Temurin-21.0.7+6 (21.0.7+6) (build 21.0.7+6-LTS)
# Java VM: OpenJDK 64-Bit Server VM Temurin-21.0.7+6 (21.0.7+6-LTS, mixed mode, sharing, tiered, compressed oops, compressed class ptrs, parallel gc, windows-amd64)
GC Precious Log:
 CardTable entry size: 512
 CPUs: 12 total, 12 available
 Memory: 7498M
 Large Page Support: Disabled
 NUMA Support: Disabled
 Compressed Oops: Enabled (32-bit)
 Alignments: Space 512K, Generation 512K, Heap 2M
 Heap Min Capacity: 100M
 Heap Initial Capacity: 100M
 Heap Max Capacity: 2G
 Pre-touch: Disabled
 Parallel Workers: 10
Heap:
 PSYoungGen      total 2048K, used 1664K [0x00000000d5580000, 0x00000000d5880000, 0x0000000100000000)
  eden space 1024K, 100% used [0x00000000d5580000,0x00000000d5680000,0x00000000d5680000)
  from space 1024K, 62% used [0x00000000d5700000,0x00000000d57a0000,0x00000000d5800000)
  to   space 512K, 100% used [0x00000000d5800000,0x00000000d5880000,0x00000000d5880000)
 ParOldGen       total 408576K, used 408570K [0x0000000080000000, 0x0000000098f00000, 0x00000000d5580000)
  object space 408576K, 99% used [0x0000000080000000,0x0000000098efeb98,0x0000000098f00000)
 Metaspace       used 62164K, committed 63552K, reserved 1114112K
  class space    used 6276K, committed 6848K, reserved 1048576K
GC Heap History (20 events):
Event: 33.706 GC heap before
{Heap before GC invocations=514 (full 3):
 PSYoungGen      total 1536K, used 1509K [0x00000000d5580000, 0x00000000d5c00000, 0x0000000100000000)
  eden space 512K, 99% used [0x00000000d5580000,0x00000000d55ffa08,0x00000000d5600000)
  from space 1024K, 97% used [0x00000000d5880000,0x00000000d5979da8,0x00000000d5980000)
  to   space 2560K, 0% used [0x00000000d5600000,0x00000000d5600000,0x00000000d5880000)
 ParOldGen       total 399872K, used 399676K [0x0000000080000000, 0x0000000098680000, 0x00000000d5580000)
  object space 399872K, 99% used [0x0000000080000000,0x000000009864f1a8,0x0000000098680000)
 Metaspace       used 61979K, committed 63360K, reserved 1114112K
  class space    used 6243K, committed 6848K, reserved 1048576K
}
Event: 33.709 GC heap after
{Heap after GC invocations=514 (full 3):
 PSYoungGen      total 1024K, used 448K [0x00000000d5580000, 0x00000000d5900000, 0x0000000100000000)
  eden space 512K, 0% used [0x00000000d5580000,0x00000000d5580000,0x00000000d5600000)
  from space 512K, 87% used [0x00000000d5600000,0x00000000d5670000,0x00000000d5680000)
  to   space 1024K, 0% used [0x00000000d5800000,0x00000000d5800000,0x00000000d5900000)
 ParOldGen       total 400896K, used 400523K [0x0000000080000000, 0x0000000098780000, 0x00000000d5580000)
  object space 400896K, 99% used [0x0000000080000000,0x0000000098722f40,0x0000000098780000)
 Metaspace       used 61979K, committed 63360K, reserved 1114112K
  class space    used 6243K, committed 6848K, reserved 1048576K
}
Event: 33.729 GC heap before
{Heap before GC invocations=515 (full 3):
 PSYoungGen      total 1024K, used 960K [0x00000000d5580000, 0x00000000d5900000, 0x0000000100000000)
  eden space 512K, 100% used [0x00000000d5580000,0x00000000d5600000,0x00000000d5600000)
  from space 512K, 87% used [0x00000000d5600000,0x00000000d5670000,0x00000000d5680000)
  to   space 1024K, 0% used [0x00000000d5800000,0x00000000d5800000,0x00000000d5900000)
 ParOldGen       total 400896K, used 400523K [0x0000000080000000, 0x0000000098780000, 0x00000000d5580000)
  object space 400896K, 99% used [0x0000000080000000,0x0000000098722f40,0x0000000098780000)
 Metaspace       used 61993K, committed 63360K, reserved 1114112K
  class space    used 6245K, committed 6848K, reserved 1048576K
}
Event: 33.731 GC heap after
{Heap after GC invocations=515 (full 3):
 PSYoungGen      total 1536K, used 544K [0x00000000d5580000, 0x00000000d5900000, 0x0000000100000000)
  eden space 512K, 0% used [0x00000000d5580000,0x00000000d5580000,0x00000000d5600000)
  from space 1024K, 53% used [0x00000000d5800000,0x00000000d5888000,0x00000000d5900000)
  to   space 1024K, 0% used [0x00000000d5700000,0x00000000d5700000,0x00000000d5800000)
 ParOldGen       total 400896K, used 400793K [0x0000000080000000, 0x0000000098780000, 0x00000000d5580000)
  object space 400896K, 99% used [0x0000000080000000,0x0000000098766490,0x0000000098780000)
 Metaspace       used 61993K, committed 63360K, reserved 1114112K
  class space    used 6245K, committed 6848K, reserved 1048576K
}
Event: 33.754 GC heap before
{Heap before GC invocations=516 (full 3):
 PSYoungGen      total 1536K, used 1055K [0x00000000d5580000, 0x00000000d5900000, 0x0000000100000000)
  eden space 512K, 99% used [0x00000000d5580000,0x00000000d55fff20,0x00000000d5600000)
  from space 1024K, 53% used [0x00000000d5800000,0x00000000d5888000,0x00000000d5900000)
  to   space 1024K, 0% used [0x00000000d5700000,0x00000000d5700000,0x00000000d5800000)
 ParOldGen       total 400896K, used 400793K [0x0000000080000000, 0x0000000098780000, 0x00000000d5580000)
  object space 400896K, 99% used [0x0000000080000000,0x0000000098766490,0x0000000098780000)
 Metaspace       used 62025K, committed 63424K, reserved 1114112K
  class space    used 6247K, committed 6848K, reserved 1048576K
}
Event: 33.759 GC heap after
{Heap after GC invocations=516 (full 3):
 PSYoungGen      total 2560K, used 480K [0x00000000d5580000, 0x00000000d5880000, 0x0000000100000000)
  eden space 1536K, 0% used [0x00000000d5580000,0x00000000d5580000,0x00000000d5700000)
  from space 1024K, 46% used [0x00000000d5700000,0x00000000d5778000,0x00000000d5800000)
  to   space 512K, 0% used [0x00000000d5800000,0x00000000d5800000,0x00000000d5880000)
 ParOldGen       total 401408K, used 401185K [0x0000000080000000, 0x0000000098800000, 0x00000000d5580000)
  object space 401408K, 99% used [0x0000000080000000,0x00000000987c8490,0x0000000098800000)
 Metaspace       used 62025K, committed 63424K, reserved 1114112K
  class space    used 6247K, committed 6848K, reserved 1048576K
}
Event: 33.816 GC heap before
{Heap before GC invocations=517 (full 3):
 PSYoungGen      total 2560K, used 2016K [0x00000000d5580000, 0x00000000d5880000, 0x0000000100000000)
  eden space 1536K, 100% used [0x00000000d5580000,0x00000000d5700000,0x00000000d5700000)
  from space 1024K, 46% used [0x00000000d5700000,0x00000000d5778000,0x00000000d5800000)
  to   space 512K, 0% used [0x00000000d5800000,0x00000000d5800000,0x00000000d5880000)
 ParOldGen       total 401408K, used 401185K [0x0000000080000000, 0x0000000098800000, 0x00000000d5580000)
  object space 401408K, 99% used [0x0000000080000000,0x00000000987c8490,0x0000000098800000)
 Metaspace       used 62077K, committed 63424K, reserved 1114112K
  class space    used 6262K, committed 6848K, reserved 1048576K
}
Event: 33.820 GC heap after
{Heap after GC invocations=517 (full 3):
 PSYoungGen      total 1536K, used 512K [0x00000000d5580000, 0x00000000d5a00000, 0x0000000100000000)
  eden space 1024K, 0% used [0x00000000d5580000,0x00000000d5580000,0x00000000d5680000)
  from space 512K, 100% used [0x00000000d5800000,0x00000000d5880000,0x00000000d5880000)
  to   space 1536K, 0% used [0x00000000d5680000,0x00000000d5680000,0x00000000d5800000)
 ParOldGen       total 401920K, used 401709K [0x0000000080000000, 0x0000000098880000, 0x00000000d5580000)
  object space 401920K, 99% used [0x0000000080000000,0x000000009884b4f8,0x0000000098880000)
 Metaspace       used 62077K, committed 63424K, reserved 1114112K
  class space    used 6262K, committed 6848K, reserved 1048576K
}
Event: 33.834 GC heap before
{Heap before GC invocations=518 (full 3):
 PSYoungGen      total 1536K, used 1536K [0x00000000d5580000, 0x00000000d5a00000, 0x0000000100000000)
  eden space 1024K, 100% used [0x00000000d5580000,0x00000000d5680000,0x00000000d5680000)
  from space 512K, 100% used [0x00000000d5800000,0x00000000d5880000,0x00000000d5880000)
  to   space 1536K, 0% used [0x00000000d5680000,0x00000000d5680000,0x00000000d5800000)
 ParOldGen       total 401920K, used 401709K [0x0000000080000000, 0x0000000098880000, 0x00000000d5580000)
  object space 401920K, 99% used [0x0000000080000000,0x000000009884b4f8,0x0000000098880000)
 Metaspace       used 62091K, committed 63488K, reserved 1114112K
  class space    used 6264K, committed 6848K, reserved 1048576K
}
Event: 33.836 GC heap after
{Heap after GC invocations=518 (full 3):
 PSYoungGen      total 2048K, used 736K [0x00000000d5580000, 0x00000000d5880000, 0x0000000100000000)
  eden space 1024K, 0% used [0x00000000d5580000,0x00000000d5580000,0x00000000d5680000)
  from space 1024K, 71% used [0x00000000d5680000,0x00000000d5738000,0x00000000d5780000)
  to   space 1024K, 0% used [0x00000000d5780000,0x00000000d5780000,0x00000000d5880000)
 ParOldGen       total 402432K, used 402271K [0x0000000080000000, 0x0000000098900000, 0x00000000d5580000)
  object space 402432K, 99% used [0x0000000080000000,0x00000000988d7e18,0x0000000098900000)
 Metaspace       used 62091K, committed 63488K, reserved 1114112K
  class space    used 6264K, committed 6848K, reserved 1048576K
}
Event: 33.858 GC heap before
{Heap before GC invocations=519 (full 3):
 PSYoungGen      total 2048K, used 1760K [0x00000000d5580000, 0x00000000d5880000, 0x0000000100000000)
  eden space 1024K, 100% used [0x00000000d5580000,0x00000000d5680000,0x00000000d5680000)
  from space 1024K, 71% used [0x00000000d5680000,0x00000000d5738000,0x00000000d5780000)
  to   space 1024K, 0% used [0x00000000d5780000,0x00000000d5780000,0x00000000d5880000)
 ParOldGen       total 402432K, used 402271K [0x0000000080000000, 0x0000000098900000, 0x00000000d5580000)
  object space 402432K, 99% used [0x0000000080000000,0x00000000988d7e18,0x0000000098900000)
 Metaspace       used 62126K, committed 63488K, reserved 1114112K
  class space    used 6268K, committed 6848K, reserved 1048576K
}
Event: 33.864 GC heap after
{Heap after GC invocations=519 (full 3):
 PSYoungGen      total 2048K, used 599K [0x00000000d5580000, 0x00000000d5880000, 0x0000000100000000)
  eden space 1024K, 0% used [0x00000000d5580000,0x00000000d5580000,0x00000000d5680000)
  from space 1024K, 58% used [0x00000000d5780000,0x00000000d5815e90,0x00000000d5880000)
  to   space 1024K, 0% used [0x00000000d5680000,0x00000000d5680000,0x00000000d5780000)
 ParOldGen       total 402944K, used 402527K [0x0000000080000000, 0x0000000098980000, 0x00000000d5580000)
  object space 402944K, 99% used [0x0000000080000000,0x0000000098917e18,0x0000000098980000)
 Metaspace       used 62126K, committed 63488K, reserved 1114112K
  class space    used 6268K, committed 6848K, reserved 1048576K
}
Event: 33.874 GC heap before
{Heap before GC invocations=520 (full 3):
 PSYoungGen      total 2048K, used 1568K [0x00000000d5580000, 0x00000000d5880000, 0x0000000100000000)
  eden space 1024K, 94% used [0x00000000d5580000,0x00000000d56723d8,0x00000000d5680000)
  from space 1024K, 58% used [0x00000000d5780000,0x00000000d5815e90,0x00000000d5880000)
  to   space 1024K, 0% used [0x00000000d5680000,0x00000000d5680000,0x00000000d5780000)
 ParOldGen       total 402944K, used 402527K [0x0000000080000000, 0x0000000098980000, 0x00000000d5580000)
  object space 402944K, 99% used [0x0000000080000000,0x0000000098917e18,0x0000000098980000)
 Metaspace       used 62132K, committed 63488K, reserved 1114112K
  class space    used 6270K, committed 6848K, reserved 1048576K
}
Event: 33.877 GC heap after
{Heap after GC invocations=520 (full 3):
 PSYoungGen      total 2048K, used 1008K [0x00000000d5580000, 0x00000000d5a80000, 0x0000000100000000)
  eden space 1024K, 0% used [0x00000000d5580000,0x00000000d5580000,0x00000000d5680000)
  from space 1024K, 98% used [0x00000000d5680000,0x00000000d577c000,0x00000000d5780000)
  to   space 2048K, 0% used [0x00000000d5880000,0x00000000d5880000,0x00000000d5a80000)
 ParOldGen       total 403456K, used 402983K [0x0000000080000000, 0x0000000098a00000, 0x00000000d5580000)
  object space 403456K, 99% used [0x0000000080000000,0x0000000098989ca8,0x0000000098a00000)
 Metaspace       used 62132K, committed 63488K, reserved 1114112K
  class space    used 6270K, committed 6848K, reserved 1048576K
}
Event: 33.967 GC heap before
{Heap before GC invocations=521 (full 3):
 PSYoungGen      total 2048K, used 2032K [0x00000000d5580000, 0x00000000d5a80000, 0x0000000100000000)
  eden space 1024K, 100% used [0x00000000d5580000,0x00000000d5680000,0x00000000d5680000)
  from space 1024K, 98% used [0x00000000d5680000,0x00000000d577c000,0x00000000d5780000)
  to   space 2048K, 0% used [0x00000000d5880000,0x00000000d5880000,0x00000000d5a80000)
 ParOldGen       total 403456K, used 402983K [0x0000000080000000, 0x0000000098a00000, 0x00000000d5580000)
  object space 403456K, 99% used [0x0000000080000000,0x0000000098989ca8,0x0000000098a00000)
 Metaspace       used 62134K, committed 63488K, reserved 1114112K
  class space    used 6270K, committed 6848K, reserved 1048576K
}
Event: 33.976 GC heap after
{Heap after GC invocations=521 (full 3):
 PSYoungGen      total 2048K, used 896K [0x00000000d5580000, 0x00000000d5980000, 0x0000000100000000)
  eden space 1024K, 0% used [0x00000000d5580000,0x00000000d5580000,0x00000000d5680000)
  from space 1024K, 87% used [0x00000000d5880000,0x00000000d5960000,0x00000000d5980000)
  to   space 1536K, 0% used [0x00000000d5680000,0x00000000d5680000,0x00000000d5800000)
 ParOldGen       total 403968K, used 403879K [0x0000000080000000, 0x0000000098a80000, 0x00000000d5580000)
  object space 403968K, 99% used [0x0000000080000000,0x0000000098a69ca8,0x0000000098a80000)
 Metaspace       used 62134K, committed 63488K, reserved 1114112K
  class space    used 6270K, committed 6848K, reserved 1048576K
}
Event: 34.056 GC heap before
{Heap before GC invocations=522 (full 3):
 PSYoungGen      total 2048K, used 1918K [0x00000000d5580000, 0x00000000d5980000, 0x0000000100000000)
  eden space 1024K, 99% used [0x00000000d5580000,0x00000000d567fb90,0x00000000d5680000)
  from space 1024K, 87% used [0x00000000d5880000,0x00000000d5960000,0x00000000d5980000)
  to   space 1536K, 0% used [0x00000000d5680000,0x00000000d5680000,0x00000000d5800000)
 ParOldGen       total 407040K, used 406567K [0x0000000080000000, 0x0000000098d80000, 0x00000000d5580000)
  object space 407040K, 99% used [0x0000000080000000,0x0000000098d09ca8,0x0000000098d80000)
 Metaspace       used 62134K, committed 63488K, reserved 1114112K
  class space    used 6270K, committed 6848K, reserved 1048576K
}
Event: 34.059 GC heap after
{Heap after GC invocations=522 (full 3):
 PSYoungGen      total 2560K, used 835K [0x00000000d5580000, 0x00000000d5900000, 0x0000000100000000)
  eden space 1024K, 0% used [0x00000000d5580000,0x00000000d5580000,0x00000000d5680000)
  from space 1536K, 54% used [0x00000000d5680000,0x00000000d5750ee8,0x00000000d5800000)
  to   space 1024K, 0% used [0x00000000d5800000,0x00000000d5800000,0x00000000d5900000)
 ParOldGen       total 407552K, used 407331K [0x0000000080000000, 0x0000000098e00000, 0x00000000d5580000)
  object space 407552K, 99% used [0x0000000080000000,0x0000000098dc8cb8,0x0000000098e00000)
 Metaspace       used 62134K, committed 63488K, reserved 1114112K
  class space    used 6270K, committed 6848K, reserved 1048576K
}
Event: 34.086 GC heap before
{Heap before GC invocations=523 (full 3):
 PSYoungGen      total 2560K, used 1859K [0x00000000d5580000, 0x00000000d5900000, 0x0000000100000000)
  eden space 1024K, 100% used [0x00000000d5580000,0x00000000d5680000,0x00000000d5680000)
  from space 1536K, 54% used [0x00000000d5680000,0x00000000d5750ee8,0x00000000d5800000)
  to   space 1024K, 0% used [0x00000000d5800000,0x00000000d5800000,0x00000000d5900000)
 ParOldGen       total 407552K, used 407331K [0x0000000080000000, 0x0000000098e00000, 0x00000000d5580000)
  object space 407552K, 99% used [0x0000000080000000,0x0000000098dc8cb8,0x0000000098e00000)
 Metaspace       used 62134K, committed 63488K, reserved 1114112K
  class space    used 6270K, committed 6848K, reserved 1048576K
}
Event: 34.091 GC heap after
{Heap after GC invocations=523 (full 3):
 PSYoungGen      total 2048K, used 678K [0x00000000d5580000, 0x00000000d5900000, 0x0000000100000000)
  eden space 1024K, 0% used [0x00000000d5580000,0x00000000d5580000,0x00000000d5680000)
  from space 1024K, 66% used [0x00000000d5800000,0x00000000d58a9b30,0x00000000d5900000)
  to   space 1024K, 0% used [0x00000000d5700000,0x00000000d5700000,0x00000000d5800000)
 ParOldGen       total 408064K, used 408036K [0x0000000080000000, 0x0000000098e80000, 0x00000000d5580000)
  object space 408064K, 99% used [0x0000000080000000,0x0000000098e790f0,0x0000000098e80000)
 Metaspace       used 62134K, committed 63488K, reserved 1114112K
  class space    used 6270K, committed 6848K, reserved 1048576K
}

