# JRE version: OpenJDK Runtime Environment Temurin-21.0.7+6 (21.0.7+6) (build 21.0.7+6-LTS)
# Java VM: OpenJDK 64-Bit Server VM Temurin-21.0.7+6 (21.0.7+6-LTS, mixed mode, sharing, tiered, compressed oops, compressed class ptrs, parallel gc, windows-amd64)
GC Precious Log:
 CardTable entry size: 512
 CPUs: 12 total, 12 available
 Memory: 7498M
 Large Page Support: Disabled
 NUMA Support: Disabled
 Compressed Oops: Enabled (32-bit)
 Alignments: Space 512K, Generation 512K, Heap 2M
 Heap Min Capacity: 100M
 Heap Initial Capacity: 100M
 Heap Max Capacity: 2G
 Pre-touch: Disabled
 Parallel Workers: 10
Heap:
 PSYoungGen      total 34304K, used 20882K [0x00000000d5580000, 0x00000000d7b00000, 0x0000000100000000)
  eden space 32256K, 59% used [0x00000000d5580000,0x00000000d68436a0,0x00000000d7500000)
  from space 2048K, 81% used [0x00000000d7580000,0x00000000d7721230,0x00000000d7780000)
  to   space 2560K, 0% used [0x00000000d7880000,0x00000000d7880000,0x00000000d7b00000)
 ParOldGen       total 976384K, used 454233K [0x0000000080000000, 0x00000000bb980000, 0x00000000d5580000)
  object space 976384K, 46% used [0x0000000080000000,0x000000009bb96678,0x00000000bb980000)
 Metaspace       used 83416K, committed 85312K, reserved 1179648K
  class space    used 8492K, committed 9344K, reserved 1048576K
GC Heap History (20 events):
Event: 1227.912 GC heap before
{Heap before GC invocations=1694 (full 4):
 PSYoungGen      total 26624K, used 23319K [0x00000000d5580000, 0x00000000d7d00000, 0x0000000100000000)
  eden space 25088K, 89% used [0x00000000d5580000,0x00000000d6b5f680,0x00000000d6e00000)
  from space 1536K, 60% used [0x00000000d7a00000,0x00000000d7ae6900,0x00000000d7b80000)
  to   space 1536K, 0% used [0x00000000d7b80000,0x00000000d7b80000,0x00000000d7d00000)
 ParOldGen       total 976384K, used 409630K [0x0000000080000000, 0x00000000bb980000, 0x00000000d5580000)
  object space 976384K, 41% used [0x0000000080000000,0x0000000099007b38,0x00000000bb980000)
 Metaspace       used 83167K, committed 85056K, reserved 1179648K
  class space    used 8480K, committed 9344K, reserved 1048576K
}
Event: 1227.996 GC heap after
{Heap after GC invocations=1694 (full 4):
 PSYoungGen      total 25600K, used 528K [0x00000000d5580000, 0x00000000d7c80000, 0x0000000100000000)
  eden space 24576K, 0% used [0x00000000d5580000,0x00000000d5580000,0x00000000d6d80000)
  from space 1024K, 51% used [0x00000000d7b80000,0x00000000d7c04030,0x00000000d7c80000)
  to   space 1024K, 0% used [0x00000000d7a80000,0x00000000d7a80000,0x00000000d7b80000)
 ParOldGen       total 976384K, used 409828K [0x0000000080000000, 0x00000000bb980000, 0x00000000d5580000)
  object space 976384K, 41% used [0x0000000080000000,0x0000000099039348,0x00000000bb980000)
 Metaspace       used 83167K, committed 85056K, reserved 1179648K
  class space    used 8480K, committed 9344K, reserved 1048576K
}
Event: 1228.059 GC heap before
{Heap before GC invocations=1695 (full 4):
 PSYoungGen      total 25600K, used 19783K [0x00000000d5580000, 0x00000000d7c80000, 0x0000000100000000)
  eden space 24576K, 78% used [0x00000000d5580000,0x00000000d684dc60,0x00000000d6d80000)
  from space 1024K, 51% used [0x00000000d7b80000,0x00000000d7c04030,0x00000000d7c80000)
  to   space 1024K, 0% used [0x00000000d7a80000,0x00000000d7a80000,0x00000000d7b80000)
 ParOldGen       total 976384K, used 409828K [0x0000000080000000, 0x00000000bb980000, 0x00000000d5580000)
  object space 976384K, 41% used [0x0000000080000000,0x0000000099039348,0x00000000bb980000)
 Metaspace       used 83167K, committed 85056K, reserved 1179648K
  class space    used 8480K, committed 9344K, reserved 1048576K
}
Event: 1228.135 GC heap after
{Heap after GC invocations=1695 (full 4):
 PSYoungGen      total 25088K, used 32K [0x00000000d5580000, 0x00000000d7c00000, 0x0000000100000000)
  eden space 24064K, 0% used [0x00000000d5580000,0x00000000d5580000,0x00000000d6d00000)
  from space 1024K, 3% used [0x00000000d7a80000,0x00000000d7a88000,0x00000000d7b80000)
  to   space 512K, 0% used [0x00000000d7b80000,0x00000000d7b80000,0x00000000d7c00000)
 ParOldGen       total 976384K, used 429396K [0x0000000080000000, 0x00000000bb980000, 0x00000000d5580000)
  object space 976384K, 43% used [0x0000000080000000,0x000000009a3553d8,0x00000000bb980000)
 Metaspace       used 83167K, committed 85056K, reserved 1179648K
  class space    used 8480K, committed 9344K, reserved 1048576K
}
Event: 1290.441 GC heap before
{Heap before GC invocations=1696 (full 4):
 PSYoungGen      total 25088K, used 17967K [0x00000000d5580000, 0x00000000d7c00000, 0x0000000100000000)
  eden space 24064K, 74% used [0x00000000d5580000,0x00000000d6703f98,0x00000000d6d00000)
  from space 1024K, 3% used [0x00000000d7a80000,0x00000000d7a88000,0x00000000d7b80000)
  to   space 512K, 0% used [0x00000000d7b80000,0x00000000d7b80000,0x00000000d7c00000)
 ParOldGen       total 976384K, used 429396K [0x0000000080000000, 0x00000000bb980000, 0x00000000d5580000)
  object space 976384K, 43% used [0x0000000080000000,0x000000009a3553d8,0x00000000bb980000)
 Metaspace       used 83224K, committed 85056K, reserved 1179648K
  class space    used 8486K, committed 9344K, reserved 1048576K
}
Event: 1290.444 GC heap after
{Heap after GC invocations=1696 (full 4):
 PSYoungGen      total 24064K, used 480K [0x00000000d5580000, 0x00000000d7c00000, 0x0000000100000000)
  eden space 23552K, 0% used [0x00000000d5580000,0x00000000d5580000,0x00000000d6c80000)
  from space 512K, 93% used [0x00000000d7b80000,0x00000000d7bf8020,0x00000000d7c00000)
  to   space 1024K, 0% used [0x00000000d7a00000,0x00000000d7a00000,0x00000000d7b00000)
 ParOldGen       total 976384K, used 429428K [0x0000000080000000, 0x00000000bb980000, 0x00000000d5580000)
  object space 976384K, 43% used [0x0000000080000000,0x000000009a35d3d8,0x00000000bb980000)
 Metaspace       used 83224K, committed 85056K, reserved 1179648K
  class space    used 8486K, committed 9344K, reserved 1048576K
}
Event: 1290.447 GC heap before
{Heap before GC invocations=1697 (full 4):
 PSYoungGen      total 24064K, used 19702K [0x00000000d5580000, 0x00000000d7c00000, 0x0000000100000000)
  eden space 23552K, 81% used [0x00000000d5580000,0x00000000d6845a68,0x00000000d6c80000)
  from space 512K, 93% used [0x00000000d7b80000,0x00000000d7bf8020,0x00000000d7c00000)
  to   space 1024K, 0% used [0x00000000d7a00000,0x00000000d7a00000,0x00000000d7b00000)
 ParOldGen       total 976384K, used 429428K [0x0000000080000000, 0x00000000bb980000, 0x00000000d5580000)
  object space 976384K, 43% used [0x0000000080000000,0x000000009a35d3d8,0x00000000bb980000)
 Metaspace       used 83224K, committed 85056K, reserved 1179648K
  class space    used 8486K, committed 9344K, reserved 1048576K
}
Event: 1290.500 GC heap after
{Heap after GC invocations=1697 (full 4):
 PSYoungGen      total 29696K, used 64K [0x00000000d5580000, 0x00000000d7c00000, 0x0000000100000000)
  eden space 28672K, 0% used [0x00000000d5580000,0x00000000d5580000,0x00000000d7180000)
  from space 1024K, 6% used [0x00000000d7a00000,0x00000000d7a10000,0x00000000d7b00000)
  to   space 512K, 0% used [0x00000000d7b80000,0x00000000d7b80000,0x00000000d7c00000)
 ParOldGen       total 976384K, used 449013K [0x0000000080000000, 0x00000000bb980000, 0x00000000d5580000)
  object space 976384K, 45% used [0x0000000080000000,0x000000009b67d478,0x00000000bb980000)
 Metaspace       used 83224K, committed 85056K, reserved 1179648K
  class space    used 8486K, committed 9344K, reserved 1048576K
}
Event: 1304.964 GC heap before
{Heap before GC invocations=1698 (full 4):
 PSYoungGen      total 29696K, used 28736K [0x00000000d5580000, 0x00000000d7c00000, 0x0000000100000000)
  eden space 28672K, 100% used [0x00000000d5580000,0x00000000d7180000,0x00000000d7180000)
  from space 1024K, 6% used [0x00000000d7a00000,0x00000000d7a10000,0x00000000d7b00000)
  to   space 512K, 0% used [0x00000000d7b80000,0x00000000d7b80000,0x00000000d7c00000)
 ParOldGen       total 976384K, used 449013K [0x0000000080000000, 0x00000000bb980000, 0x00000000d5580000)
  object space 976384K, 45% used [0x0000000080000000,0x000000009b67d478,0x00000000bb980000)
 Metaspace       used 83265K, committed 85120K, reserved 1179648K
  class space    used 8490K, committed 9344K, reserved 1048576K
}
Event: 1304.970 GC heap after
{Heap after GC invocations=1698 (full 4):
 PSYoungGen      total 35328K, used 436K [0x00000000d5580000, 0x00000000d7c00000, 0x0000000100000000)
  eden space 34816K, 0% used [0x00000000d5580000,0x00000000d5580000,0x00000000d7780000)
  from space 512K, 85% used [0x00000000d7b80000,0x00000000d7bed220,0x00000000d7c00000)
  to   space 512K, 0% used [0x00000000d7b00000,0x00000000d7b00000,0x00000000d7b80000)
 ParOldGen       total 976384K, used 449045K [0x0000000080000000, 0x00000000bb980000, 0x00000000d5580000)
  object space 976384K, 45% used [0x0000000080000000,0x000000009b685478,0x00000000bb980000)
 Metaspace       used 83265K, committed 85120K, reserved 1179648K
  class space    used 8490K, committed 9344K, reserved 1048576K
}
Event: 1305.167 GC heap before
{Heap before GC invocations=1699 (full 4):
 PSYoungGen      total 35328K, used 35252K [0x00000000d5580000, 0x00000000d7c00000, 0x0000000100000000)
  eden space 34816K, 100% used [0x00000000d5580000,0x00000000d7780000,0x00000000d7780000)
  from space 512K, 85% used [0x00000000d7b80000,0x00000000d7bed220,0x00000000d7c00000)
  to   space 512K, 0% used [0x00000000d7b00000,0x00000000d7b00000,0x00000000d7b80000)
 ParOldGen       total 976384K, used 449045K [0x0000000080000000, 0x00000000bb980000, 0x00000000d5580000)
  object space 976384K, 45% used [0x0000000080000000,0x000000009b685478,0x00000000bb980000)
 Metaspace       used 83274K, committed 85120K, reserved 1179648K
  class space    used 8490K, committed 9344K, reserved 1048576K
}
Event: 1305.171 GC heap after
{Heap after GC invocations=1699 (full 4):
 PSYoungGen      total 34816K, used 506K [0x00000000d5580000, 0x00000000d7c00000, 0x0000000100000000)
  eden space 34304K, 0% used [0x00000000d5580000,0x00000000d5580000,0x00000000d7700000)
  from space 512K, 98% used [0x00000000d7b00000,0x00000000d7b7e900,0x00000000d7b80000)
  to   space 512K, 0% used [0x00000000d7b80000,0x00000000d7b80000,0x00000000d7c00000)
 ParOldGen       total 976384K, used 449351K [0x0000000080000000, 0x00000000bb980000, 0x00000000d5580000)
  object space 976384K, 46% used [0x0000000080000000,0x000000009b6d1da8,0x00000000bb980000)
 Metaspace       used 83274K, committed 85120K, reserved 1179648K
  class space    used 8490K, committed 9344K, reserved 1048576K
}
Event: 1305.345 GC heap before
{Heap before GC invocations=1700 (full 4):
 PSYoungGen      total 34816K, used 34810K [0x00000000d5580000, 0x00000000d7c00000, 0x0000000100000000)
  eden space 34304K, 100% used [0x00000000d5580000,0x00000000d7700000,0x00000000d7700000)
  from space 512K, 98% used [0x00000000d7b00000,0x00000000d7b7e900,0x00000000d7b80000)
  to   space 512K, 0% used [0x00000000d7b80000,0x00000000d7b80000,0x00000000d7c00000)
 ParOldGen       total 976384K, used 449351K [0x0000000080000000, 0x00000000bb980000, 0x00000000d5580000)
  object space 976384K, 46% used [0x0000000080000000,0x000000009b6d1da8,0x00000000bb980000)
 Metaspace       used 83285K, committed 85120K, reserved 1179648K
  class space    used 8490K, committed 9344K, reserved 1048576K
}
Event: 1305.352 GC heap after
{Heap after GC invocations=1700 (full 4):
 PSYoungGen      total 34304K, used 506K [0x00000000d5580000, 0x00000000d7c00000, 0x0000000100000000)
  eden space 33792K, 0% used [0x00000000d5580000,0x00000000d5580000,0x00000000d7680000)
  from space 512K, 98% used [0x00000000d7b80000,0x00000000d7bfe900,0x00000000d7c00000)
  to   space 1536K, 0% used [0x00000000d7900000,0x00000000d7900000,0x00000000d7a80000)
 ParOldGen       total 976384K, used 449985K [0x0000000080000000, 0x00000000bb980000, 0x00000000d5580000)
  object space 976384K, 46% used [0x0000000080000000,0x000000009b7706c8,0x00000000bb980000)
 Metaspace       used 83285K, committed 85120K, reserved 1179648K
  class space    used 8490K, committed 9344K, reserved 1048576K
}
Event: 1451.480 GC heap before
{Heap before GC invocations=1701 (full 4):
 PSYoungGen      total 34304K, used 34298K [0x00000000d5580000, 0x00000000d7c00000, 0x0000000100000000)
  eden space 33792K, 100% used [0x00000000d5580000,0x00000000d7680000,0x00000000d7680000)
  from space 512K, 98% used [0x00000000d7b80000,0x00000000d7bfe900,0x00000000d7c00000)
  to   space 1536K, 0% used [0x00000000d7900000,0x00000000d7900000,0x00000000d7a80000)
 ParOldGen       total 976384K, used 449985K [0x0000000080000000, 0x00000000bb980000, 0x00000000d5580000)
  object space 976384K, 46% used [0x0000000080000000,0x000000009b7706c8,0x00000000bb980000)
 Metaspace       used 83335K, committed 85248K, reserved 1179648K
  class space    used 8491K, committed 9344K, reserved 1048576K
}
Event: 1451.566 GC heap after
{Heap after GC invocations=1701 (full 4):
 PSYoungGen      total 34816K, used 1513K [0x00000000d5580000, 0x00000000d7c00000, 0x0000000100000000)
  eden space 33280K, 0% used [0x00000000d5580000,0x00000000d5580000,0x00000000d7600000)
  from space 1536K, 98% used [0x00000000d7900000,0x00000000d7a7a440,0x00000000d7a80000)
  to   space 1536K, 0% used [0x00000000d7a80000,0x00000000d7a80000,0x00000000d7c00000)
 ParOldGen       total 976384K, used 451022K [0x0000000080000000, 0x00000000bb980000, 0x00000000d5580000)
  object space 976384K, 46% used [0x0000000080000000,0x000000009b873a30,0x00000000bb980000)
 Metaspace       used 83335K, committed 85248K, reserved 1179648K
  class space    used 8491K, committed 9344K, reserved 1048576K
}
Event: 1460.673 GC heap before
{Heap before GC invocations=1702 (full 4):
 PSYoungGen      total 34816K, used 34793K [0x00000000d5580000, 0x00000000d7c00000, 0x0000000100000000)
  eden space 33280K, 100% used [0x00000000d5580000,0x00000000d7600000,0x00000000d7600000)
  from space 1536K, 98% used [0x00000000d7900000,0x00000000d7a7a440,0x00000000d7a80000)
  to   space 1536K, 0% used [0x00000000d7a80000,0x00000000d7a80000,0x00000000d7c00000)
 ParOldGen       total 976384K, used 451022K [0x0000000080000000, 0x00000000bb980000, 0x00000000d5580000)
  object space 976384K, 46% used [0x0000000080000000,0x000000009b873a30,0x00000000bb980000)
 Metaspace       used 83387K, committed 85312K, reserved 1179648K
  class space    used 8492K, committed 9344K, reserved 1048576K
}
Event: 1460.684 GC heap after
{Heap after GC invocations=1702 (full 4):
 PSYoungGen      total 34304K, used 1508K [0x00000000d5580000, 0x00000000d7c80000, 0x0000000100000000)
  eden space 32768K, 0% used [0x00000000d5580000,0x00000000d5580000,0x00000000d7580000)
  from space 1536K, 98% used [0x00000000d7a80000,0x00000000d7bf9230,0x00000000d7c00000)
  to   space 3584K, 0% used [0x00000000d7580000,0x00000000d7580000,0x00000000d7900000)
 ParOldGen       total 976384K, used 452695K [0x0000000080000000, 0x00000000bb980000, 0x00000000d5580000)
  object space 976384K, 46% used [0x0000000080000000,0x000000009ba15d98,0x00000000bb980000)
 Metaspace       used 83387K, committed 85312K, reserved 1179648K
  class space    used 8492K, committed 9344K, reserved 1048576K
}
Event: 1470.817 GC heap before
{Heap before GC invocations=1703 (full 4):
 PSYoungGen      total 34304K, used 34276K [0x00000000d5580000, 0x00000000d7c80000, 0x0000000100000000)
  eden space 32768K, 100% used [0x00000000d5580000,0x00000000d7580000,0x00000000d7580000)
  from space 1536K, 98% used [0x00000000d7a80000,0x00000000d7bf9230,0x00000000d7c00000)
  to   space 3584K, 0% used [0x00000000d7580000,0x00000000d7580000,0x00000000d7900000)
 ParOldGen       total 976384K, used 452695K [0x0000000080000000, 0x00000000bb980000, 0x00000000d5580000)
  object space 976384K, 46% used [0x0000000080000000,0x000000009ba15d98,0x00000000bb980000)
 Metaspace       used 83396K, committed 85312K, reserved 1179648K
  class space    used 8492K, committed 9344K, reserved 1048576K
}
Event: 1470.842 GC heap after
{Heap after GC invocations=1703 (full 4):
 PSYoungGen      total 34304K, used 1668K [0x00000000d5580000, 0x00000000d7b00000, 0x0000000100000000)
  eden space 32256K, 0% used [0x00000000d5580000,0x00000000d5580000,0x00000000d7500000)
  from space 2048K, 81% used [0x00000000d7580000,0x00000000d7721230,0x00000000d7780000)
  to   space 2560K, 0% used [0x00000000d7880000,0x00000000d7880000,0x00000000d7b00000)
 ParOldGen       total 976384K, used 454233K [0x0000000080000000, 0x00000000bb980000, 0x00000000d5580000)
  object space 976384K, 46% used [0x0000000080000000,0x000000009bb96678,0x00000000bb980000)
 Metaspace       used 83396K, committed 85312K, reserved 1179648K
  class space    used 8492K, committed 9344K, reserved 1048576K
}

