# JRE version: OpenJDK Runtime Environment Temurin-21.0.7+6 (21.0.7+6) (build 21.0.7+6-LTS)
# Java VM: OpenJDK 64-Bit Server VM Temurin-21.0.7+6 (21.0.7+6-LTS, mixed mode, sharing, tiered, compressed oops, compressed class ptrs, parallel gc, windows-amd64)
GC Precious Log:
 CardTable entry size: 512
 CPUs: 12 total, 12 available
 Memory: 7498M
 Large Page Support: Disabled
 NUMA Support: Disabled
 Compressed Oops: Enabled (32-bit)
 Alignments: Space 512K, Generation 512K, Heap 2M
 Heap Min Capacity: 100M
 Heap Initial Capacity: 100M
 Heap Max Capacity: 2G
 Pre-touch: Disabled
 Parallel Workers: 10
Heap:
 PSYoungGen      total 2560K, used 0K [0x00000000d5580000, 0x00000000d5900000, 0x0000000100000000)
  eden space 2048K, 0% used [0x00000000d5580000,0x00000000d5580000,0x00000000d5780000)
  from space 512K, 0% used [0x00000000d5880000,0x00000000d5880000,0x00000000d5900000)
  to   space 512K, 0% used [0x00000000d5800000,0x00000000d5800000,0x00000000d5880000)
 ParOldGen       total 825344K, used 825272K [0x0000000080000000, 0x00000000b2600000, 0x00000000d5580000)
  object space 825344K, 99% used [0x0000000080000000,0x00000000b25ee3b8,0x00000000b2600000)
 Metaspace       used 70022K, committed 71616K, reserved 1114112K
  class space    used 7094K, committed 7808K, reserved 1048576K
GC Heap History (20 events):
Event: 26.833 GC heap after
{Heap after GC invocations=1244 (full 3):
 PSYoungGen      total 2560K, used 713K [0x00000000d5580000, 0x00000000d5900000, 0x0000000100000000)
  eden space 1536K, 0% used [0x00000000d5580000,0x00000000d5580000,0x00000000d5700000)
  from space 1024K, 69% used [0x00000000d5700000,0x00000000d57b25c0,0x00000000d5800000)
  to   space 1024K, 0% used [0x00000000d5800000,0x00000000d5800000,0x00000000d5900000)
 ParOldGen       total 789504K, used 789273K [0x0000000080000000, 0x00000000b0300000, 0x00000000d5580000)
  object space 789504K, 99% used [0x0000000080000000,0x00000000b02c65e8,0x00000000b0300000)
 Metaspace       used 69578K, committed 71168K, reserved 1114112K
  class space    used 7049K, committed 7744K, reserved 1048576K
}
Event: 26.851 GC heap before
{Heap before GC invocations=1245 (full 3):
 PSYoungGen      total 2560K, used 1635K [0x00000000d5580000, 0x00000000d5900000, 0x0000000100000000)
  eden space 1536K, 60% used [0x00000000d5580000,0x00000000d5666828,0x00000000d5700000)
  from space 1024K, 69% used [0x00000000d5700000,0x00000000d57b25c0,0x00000000d5800000)
  to   space 1024K, 0% used [0x00000000d5800000,0x00000000d5800000,0x00000000d5900000)
 ParOldGen       total 791040K, used 790595K [0x0000000080000000, 0x00000000b0480000, 0x00000000d5580000)
  object space 791040K, 99% used [0x0000000080000000,0x00000000b0410d68,0x00000000b0480000)
 Metaspace       used 69681K, committed 71296K, reserved 1114112K
  class space    used 7058K, committed 7808K, reserved 1048576K
}
Event: 26.853 GC heap after
{Heap after GC invocations=1245 (full 3):
 PSYoungGen      total 2560K, used 448K [0x00000000d5580000, 0x00000000d5900000, 0x0000000100000000)
  eden space 1536K, 0% used [0x00000000d5580000,0x00000000d5580000,0x00000000d5700000)
  from space 1024K, 43% used [0x00000000d5800000,0x00000000d58701c0,0x00000000d5900000)
  to   space 1024K, 0% used [0x00000000d5700000,0x00000000d5700000,0x00000000d5800000)
 ParOldGen       total 791040K, used 790872K [0x0000000080000000, 0x00000000b0480000, 0x00000000d5580000)
  object space 791040K, 99% used [0x0000000080000000,0x00000000b0456048,0x00000000b0480000)
 Metaspace       used 69681K, committed 71296K, reserved 1114112K
  class space    used 7058K, committed 7808K, reserved 1048576K
}
Event: 26.868 GC heap before
{Heap before GC invocations=1246 (full 3):
 PSYoungGen      total 2560K, used 1984K [0x00000000d5580000, 0x00000000d5900000, 0x0000000100000000)
  eden space 1536K, 100% used [0x00000000d5580000,0x00000000d5700000,0x00000000d5700000)
  from space 1024K, 43% used [0x00000000d5800000,0x00000000d58701c0,0x00000000d5900000)
  to   space 1024K, 0% used [0x00000000d5700000,0x00000000d5700000,0x00000000d5800000)
 ParOldGen       total 791040K, used 790872K [0x0000000080000000, 0x00000000b0480000, 0x00000000d5580000)
  object space 791040K, 99% used [0x0000000080000000,0x00000000b0456048,0x00000000b0480000)
 Metaspace       used 69692K, committed 71296K, reserved 1114112K
  class space    used 7062K, committed 7808K, reserved 1048576K
}
Event: 26.869 GC heap after
{Heap after GC invocations=1246 (full 3):
 PSYoungGen      total 2560K, used 692K [0x00000000d5580000, 0x00000000d5900000, 0x0000000100000000)
  eden space 1536K, 0% used [0x00000000d5580000,0x00000000d5580000,0x00000000d5700000)
  from space 1024K, 67% used [0x00000000d5700000,0x00000000d57ad138,0x00000000d5800000)
  to   space 1024K, 0% used [0x00000000d5800000,0x00000000d5800000,0x00000000d5900000)
 ParOldGen       total 792064K, used 791775K [0x0000000080000000, 0x00000000b0580000, 0x00000000d5580000)
  object space 792064K, 99% used [0x0000000080000000,0x00000000b0537c68,0x00000000b0580000)
 Metaspace       used 69692K, committed 71296K, reserved 1114112K
  class space    used 7062K, committed 7808K, reserved 1048576K
}
Event: 26.880 GC heap before
{Heap before GC invocations=1247 (full 3):
 PSYoungGen      total 2560K, used 2226K [0x00000000d5580000, 0x00000000d5900000, 0x0000000100000000)
  eden space 1536K, 99% used [0x00000000d5580000,0x00000000d56ff6f8,0x00000000d5700000)
  from space 1024K, 67% used [0x00000000d5700000,0x00000000d57ad138,0x00000000d5800000)
  to   space 1024K, 0% used [0x00000000d5800000,0x00000000d5800000,0x00000000d5900000)
 ParOldGen       total 792064K, used 791775K [0x0000000080000000, 0x00000000b0580000, 0x00000000d5580000)
  object space 792064K, 99% used [0x0000000080000000,0x00000000b0537c68,0x00000000b0580000)
 Metaspace       used 69801K, committed 71424K, reserved 1114112K
  class space    used 7071K, committed 7808K, reserved 1048576K
}
Event: 26.882 GC heap after
{Heap after GC invocations=1247 (full 3):
 PSYoungGen      total 2048K, used 354K [0x00000000d5580000, 0x00000000d5880000, 0x0000000100000000)
  eden space 1536K, 0% used [0x00000000d5580000,0x00000000d5580000,0x00000000d5700000)
  from space 512K, 69% used [0x00000000d5800000,0x00000000d58588e0,0x00000000d5880000)
  to   space 512K, 0% used [0x00000000d5780000,0x00000000d5780000,0x00000000d5800000)
 ParOldGen       total 792576K, used 792158K [0x0000000080000000, 0x00000000b0600000, 0x00000000d5580000)
  object space 792576K, 99% used [0x0000000080000000,0x00000000b0597bc8,0x00000000b0600000)
 Metaspace       used 69801K, committed 71424K, reserved 1114112K
  class space    used 7071K, committed 7808K, reserved 1048576K
}
Event: 26.890 GC heap before
{Heap before GC invocations=1248 (full 3):
 PSYoungGen      total 2048K, used 1890K [0x00000000d5580000, 0x00000000d5880000, 0x0000000100000000)
  eden space 1536K, 100% used [0x00000000d5580000,0x00000000d5700000,0x00000000d5700000)
  from space 512K, 69% used [0x00000000d5800000,0x00000000d58588e0,0x00000000d5880000)
  to   space 512K, 0% used [0x00000000d5780000,0x00000000d5780000,0x00000000d5800000)
 ParOldGen       total 792576K, used 792158K [0x0000000080000000, 0x00000000b0600000, 0x00000000d5580000)
  object space 792576K, 99% used [0x0000000080000000,0x00000000b0597bc8,0x00000000b0600000)
 Metaspace       used 69872K, committed 71488K, reserved 1114112K
  class space    used 7077K, committed 7808K, reserved 1048576K
}
Event: 26.893 GC heap after
{Heap after GC invocations=1248 (full 3):
 PSYoungGen      total 2048K, used 512K [0x00000000d5580000, 0x00000000d5900000, 0x0000000100000000)
  eden space 1536K, 0% used [0x00000000d5580000,0x00000000d5580000,0x00000000d5700000)
  from space 512K, 100% used [0x00000000d5780000,0x00000000d5800000,0x00000000d5800000)
  to   space 1024K, 0% used [0x00000000d5800000,0x00000000d5800000,0x00000000d5900000)
 ParOldGen       total 792576K, used 792334K [0x0000000080000000, 0x00000000b0600000, 0x00000000d5580000)
  object space 792576K, 99% used [0x0000000080000000,0x00000000b05c3bc8,0x00000000b0600000)
 Metaspace       used 69872K, committed 71488K, reserved 1114112K
  class space    used 7077K, committed 7808K, reserved 1048576K
}
Event: 26.902 GC heap before
{Heap before GC invocations=1249 (full 3):
 PSYoungGen      total 2048K, used 2018K [0x00000000d5580000, 0x00000000d5900000, 0x0000000100000000)
  eden space 1536K, 98% used [0x00000000d5580000,0x00000000d56f8b48,0x00000000d5700000)
  from space 512K, 100% used [0x00000000d5780000,0x00000000d5800000,0x00000000d5800000)
  to   space 1024K, 0% used [0x00000000d5800000,0x00000000d5800000,0x00000000d5900000)
 ParOldGen       total 794112K, used 793767K [0x0000000080000000, 0x00000000b0780000, 0x00000000d5580000)
  object space 794112K, 99% used [0x0000000080000000,0x00000000b0729c08,0x00000000b0780000)
 Metaspace       used 69907K, committed 71552K, reserved 1114112K
  class space    used 7082K, committed 7808K, reserved 1048576K
}
Event: 26.904 GC heap after
{Heap after GC invocations=1249 (full 3):
 PSYoungGen      total 2560K, used 798K [0x00000000d5580000, 0x00000000d5900000, 0x0000000100000000)
  eden space 1536K, 0% used [0x00000000d5580000,0x00000000d5580000,0x00000000d5700000)
  from space 1024K, 78% used [0x00000000d5800000,0x00000000d58c7b10,0x00000000d5900000)
  to   space 1024K, 0% used [0x00000000d5700000,0x00000000d5700000,0x00000000d5800000)
 ParOldGen       total 794624K, used 794295K [0x0000000080000000, 0x00000000b0800000, 0x00000000d5580000)
  object space 794624K, 99% used [0x0000000080000000,0x00000000b07adc48,0x00000000b0800000)
 Metaspace       used 69907K, committed 71552K, reserved 1114112K
  class space    used 7082K, committed 7808K, reserved 1048576K
}
Event: 26.911 GC heap before
{Heap before GC invocations=1250 (full 3):
 PSYoungGen      total 2560K, used 2334K [0x00000000d5580000, 0x00000000d5900000, 0x0000000100000000)
  eden space 1536K, 100% used [0x00000000d5580000,0x00000000d5700000,0x00000000d5700000)
  from space 1024K, 78% used [0x00000000d5800000,0x00000000d58c7b10,0x00000000d5900000)
  to   space 1024K, 0% used [0x00000000d5700000,0x00000000d5700000,0x00000000d5800000)
 ParOldGen       total 796672K, used 796231K [0x0000000080000000, 0x00000000b0a00000, 0x00000000d5580000)
  object space 796672K, 99% used [0x0000000080000000,0x00000000b0991eb0,0x00000000b0a00000)
 Metaspace       used 69942K, committed 71552K, reserved 1114112K
  class space    used 7088K, committed 7808K, reserved 1048576K
}
Event: 26.913 GC heap after
{Heap after GC invocations=1250 (full 3):
 PSYoungGen      total 2560K, used 288K [0x00000000d5580000, 0x00000000d5880000, 0x0000000100000000)
  eden space 1536K, 0% used [0x00000000d5580000,0x00000000d5580000,0x00000000d5700000)
  from space 1024K, 28% used [0x00000000d5700000,0x00000000d5748000,0x00000000d5800000)
  to   space 512K, 0% used [0x00000000d5800000,0x00000000d5800000,0x00000000d5880000)
 ParOldGen       total 796672K, used 796359K [0x0000000080000000, 0x00000000b0a00000, 0x00000000d5580000)
  object space 796672K, 99% used [0x0000000080000000,0x00000000b09b1eb0,0x00000000b0a00000)
 Metaspace       used 69942K, committed 71552K, reserved 1114112K
  class space    used 7088K, committed 7808K, reserved 1048576K
}
Event: 26.926 GC heap before
{Heap before GC invocations=1251 (full 3):
 PSYoungGen      total 2560K, used 1824K [0x00000000d5580000, 0x00000000d5880000, 0x0000000100000000)
  eden space 1536K, 100% used [0x00000000d5580000,0x00000000d5700000,0x00000000d5700000)
  from space 1024K, 28% used [0x00000000d5700000,0x00000000d5748000,0x00000000d5800000)
  to   space 512K, 0% used [0x00000000d5800000,0x00000000d5800000,0x00000000d5880000)
 ParOldGen       total 808448K, used 807849K [0x0000000080000000, 0x00000000b1580000, 0x00000000d5580000)
  object space 808448K, 99% used [0x0000000080000000,0x00000000b14ea6e8,0x00000000b1580000)
 Metaspace       used 69975K, committed 71552K, reserved 1114112K
  class space    used 7091K, committed 7808K, reserved 1048576K
}
Event: 26.928 GC heap after
{Heap after GC invocations=1251 (full 3):
 PSYoungGen      total 2048K, used 404K [0x00000000d5580000, 0x00000000d5880000, 0x0000000100000000)
  eden space 1536K, 0% used [0x00000000d5580000,0x00000000d5580000,0x00000000d5700000)
  from space 512K, 79% used [0x00000000d5800000,0x00000000d5865200,0x00000000d5880000)
  to   space 512K, 0% used [0x00000000d5780000,0x00000000d5780000,0x00000000d5800000)
 ParOldGen       total 808448K, used 807937K [0x0000000080000000, 0x00000000b1580000, 0x00000000d5580000)
  object space 808448K, 99% used [0x0000000080000000,0x00000000b15006e8,0x00000000b1580000)
 Metaspace       used 69975K, committed 71552K, reserved 1114112K
  class space    used 7091K, committed 7808K, reserved 1048576K
}
Event: 26.937 GC heap before
{Heap before GC invocations=1252 (full 3):
 PSYoungGen      total 2048K, used 1940K [0x00000000d5580000, 0x00000000d5880000, 0x0000000100000000)
  eden space 1536K, 99% used [0x00000000d5580000,0x00000000d56ffff8,0x00000000d5700000)
  from space 512K, 79% used [0x00000000d5800000,0x00000000d5865200,0x00000000d5880000)
  to   space 512K, 0% used [0x00000000d5780000,0x00000000d5780000,0x00000000d5800000)
 ParOldGen       total 808448K, used 807958K [0x0000000080000000, 0x00000000b1580000, 0x00000000d5580000)
  object space 808448K, 99% used [0x0000000080000000,0x00000000b1505b38,0x00000000b1580000)
 Metaspace       used 70011K, committed 71616K, reserved 1114112K
  class space    used 7093K, committed 7808K, reserved 1048576K
}
Event: 26.938 GC heap after
{Heap after GC invocations=1252 (full 3):
 PSYoungGen      total 2048K, used 320K [0x00000000d5580000, 0x00000000d5880000, 0x0000000100000000)
  eden space 1536K, 0% used [0x00000000d5580000,0x00000000d5580000,0x00000000d5700000)
  from space 512K, 62% used [0x00000000d5780000,0x00000000d57d0000,0x00000000d5800000)
  to   space 512K, 0% used [0x00000000d5800000,0x00000000d5800000,0x00000000d5880000)
 ParOldGen       total 808448K, used 808187K [0x0000000080000000, 0x00000000b1580000, 0x00000000d5580000)
  object space 808448K, 99% used [0x0000000080000000,0x00000000b153ed38,0x00000000b1580000)
 Metaspace       used 70011K, committed 71616K, reserved 1114112K
  class space    used 7093K, committed 7808K, reserved 1048576K
}
Event: 26.960 GC heap before
{Heap before GC invocations=1253 (full 3):
 PSYoungGen      total 2048K, used 1856K [0x00000000d5580000, 0x00000000d5880000, 0x0000000100000000)
  eden space 1536K, 100% used [0x00000000d5580000,0x00000000d5700000,0x00000000d5700000)
  from space 512K, 62% used [0x00000000d5780000,0x00000000d57d0000,0x00000000d5800000)
  to   space 512K, 0% used [0x00000000d5800000,0x00000000d5800000,0x00000000d5880000)
 ParOldGen       total 823808K, used 823615K [0x0000000080000000, 0x00000000b2480000, 0x00000000d5580000)
  object space 823808K, 99% used [0x0000000080000000,0x00000000b244fed8,0x00000000b2480000)
 Metaspace       used 70018K, committed 71616K, reserved 1114112K
  class space    used 7093K, committed 7808K, reserved 1048576K
}
Event: 26.961 GC heap after
{Heap after GC invocations=1253 (full 3):
 PSYoungGen      total 2048K, used 512K [0x00000000d5580000, 0x00000000d5900000, 0x0000000100000000)
  eden space 1536K, 0% used [0x00000000d5580000,0x00000000d5580000,0x00000000d5700000)
  from space 512K, 100% used [0x00000000d5800000,0x00000000d5880000,0x00000000d5880000)
  to   space 1024K, 0% used [0x00000000d5700000,0x00000000d5700000,0x00000000d5800000)
 ParOldGen       total 823808K, used 823767K [0x0000000080000000, 0x00000000b2480000, 0x00000000d5580000)
  object space 823808K, 99% used [0x0000000080000000,0x00000000b2475ed8,0x00000000b2480000)
 Metaspace       used 70018K, committed 71616K, reserved 1114112K
  class space    used 7093K, committed 7808K, reserved 1048576K
}
Event: 26.967 GC heap before
{Heap before GC invocations=1254 (full 3):
 PSYoungGen      total 2048K, used 2048K [0x00000000d5580000, 0x00000000d5900000, 0x0000000100000000)
  eden space 1536K, 100% used [0x00000000d5580000,0x00000000d5700000,0x00000000d5700000)
  from space 512K, 100% used [0x00000000d5800000,0x00000000d5880000,0x00000000d5880000)
  to   space 1024K, 0% used [0x00000000d5700000,0x00000000d5700000,0x00000000d5800000)
 ParOldGen       total 823808K, used 823767K [0x0000000080000000, 0x00000000b2480000, 0x00000000d5580000)
  object space 823808K, 99% used [0x0000000080000000,0x00000000b2475ef0,0x00000000b2480000)
 Metaspace       used 70019K, committed 71616K, reserved 1114112K
  class space    used 7093K, committed 7808K, reserved 1048576K
}

